Commit number 1 - CivicAI activity
Commit number 2 - CivicAI activity
Commit number 3 - CivicAI activity
Commit number 4 - CivicAI activity
Commit number 5 - CivicAI activity
Commit number 6 - CivicAI activity
Commit number 7 - CivicAI activity
Commit number 8 - CivicAI activity
Commit number 9 - CivicAI activity
Commit number 10 - CivicAI activity
Commit number 11 - CivicAI activity
Commit number 12 - CivicAI activity
Commit number 13 - CivicAI activity
Commit number 14 - CivicAI activity
Commit number 15 - CivicAI activity
Commit number 16 - CivicAI activity
Commit number 17 - CivicAI activity
Commit number 18 - CivicAI activity
Commit number 19 - CivicAI activity
Commit number 20 - CivicAI activity
Commit number 21 - CivicAI activity
Commit number 22 - CivicAI activity
Commit number 23 - CivicAI activity
Commit number 24 - CivicAI activity
Commit number 25 - CivicAI activity
Commit number 26 - CivicAI activity
Commit number 27 - CivicAI activity
Commit number 28 - CivicAI activity
Commit number 29 - CivicAI activity
Commit number 30 - CivicAI activity
Commit number 31 - CivicAI activity
Commit number 32 - CivicAI activity
Commit number 33 - CivicAI activity
Commit number 34 - CivicAI activity
Commit number 35 - CivicAI activity
Commit number 36 - CivicAI activity
Commit number 37 - CivicAI activity
Commit number 38 - CivicAI activity
Commit number 39 - CivicAI activity
Commit number 40 - CivicAI activity
Commit number 41 - CivicAI activity
Commit number 42 - CivicAI activity
Commit number 43 - CivicAI activity
Commit number 44 - CivicAI activity
Commit number 45 - CivicAI activity
Commit number 46 - CivicAI activity
Commit number 47 - CivicAI activity
Commit number 48 - CivicAI activity
Commit number 49 - CivicAI activity
Commit number 50 - CivicAI activity
Commit number 51 - CivicAI activity
Commit number 52 - CivicAI activity
Commit number 53 - CivicAI activity
Commit number 54 - CivicAI activity
Commit number 55 - CivicAI activity
Commit number 56 - CivicAI activity
Commit number 57 - CivicAI activity
Commit number 58 - CivicAI activity
Commit number 59 - CivicAI activity
Commit number 60 - CivicAI activity
Commit number 61 - CivicAI activity
Commit number 62 - CivicAI activity
Commit number 63 - CivicAI activity
Commit number 64 - CivicAI activity
Commit number 65 - CivicAI activity
Commit number 66 - CivicAI activity
Commit number 67 - CivicAI activity
Commit number 68 - CivicAI activity
Commit number 69 - CivicAI activity
Commit number 70 - CivicAI activity
Commit number 71 - CivicAI activity
Commit number 72 - CivicAI activity
Commit number 73 - CivicAI activity
Commit number 74 - CivicAI activity
Commit number 75 - CivicAI activity
Commit number 76 - CivicAI activity
Commit number 77 - CivicAI activity
Commit number 78 - CivicAI activity
update backend services - iteration 1
update backend services - iteration 2
update backend services - iteration 3
improve query handling - iteration 4
enhance civic analytics - iteration 5
update backend services - iteration 6
update backend services - iteration 7
refactor api routes - iteration 8
refactor api routes - iteration 9
optimize model inference - iteration 10
refactor api routes - iteration 11
update backend services - iteration 12
refactor api routes - iteration 13
init civic data pipeline - iteration 14
add ai processing logic - iteration 15
fix minor bugs - iteration 16
optimize model inference - iteration 17
update backend services - iteration 18
add ai processing logic - iteration 19
refactor api routes - iteration 20
refactor api routes - iteration 21
optimize model inference - iteration 22
update backend services - iteration 23
optimize model inference - iteration 24
init civic data pipeline - iteration 25
enhance civic analytics - iteration 26
improve query handling - iteration 27
optimize model inference - iteration 28
fix minor bugs - iteration 29
fix minor bugs - iteration 30
refactor api routes - iteration 31
add ai processing logic - iteration 32
enhance civic analytics - iteration 33
init civic data pipeline - iteration 34
fix minor bugs - iteration 35
init civic data pipeline - iteration 36
refactor api routes - iteration 37
update backend services - iteration 38
refactor api routes - iteration 39
refactor api routes - iteration 40
refactor api routes - iteration 41
update backend services - iteration 42
fix minor bugs - iteration 43
update backend services - iteration 44
refactor api routes - iteration 45
optimize model inference - iteration 46
